# JRE version: 7.0_21-b12
# Java VM: Java HotSpot(TM) 64-Bit Server VM (23.21-b01 mixed mode bsd-amd64 compressed oops)
Heap
 def new generation   total 8192K, used 3580K [0x00000007ee800000, 0x00000007ef0e0000, 0x00000007f2a00000)
  eden space 7296K,  40% used [0x00000007ee800000, 0x00000007eeae3680, 0x00000007eef20000)
  from space 896K,  69% used [0x00000007eef20000, 0x00000007eefbbd18, 0x00000007ef000000)
  to   space 896K,   0% used [0x00000007ef000000, 0x00000007ef000000, 0x00000007ef0e0000)
 tenured generation   total 18156K, used 15580K [0x00000007f2a00000, 0x00000007f3bbb000, 0x00000007fae00000)
   the space 18156K,  85% used [0x00000007f2a00000, 0x00000007f3937378, 0x00000007f3937400, 0x00000007f3bbb000)
 compacting perm gen  total 25088K, used 24886K [0x00000007fae00000, 0x00000007fc680000, 0x0000000800000000)
   the space 25088K,  99% used [0x00000007fae00000, 0x00000007fc64db90, 0x00000007fc64dc00, 0x00000007fc680000)
GC Heap History (10 events):
Event: 5.253 GC heap before
{Heap before GC invocations=66 (full 3):
 def new generation   total 8192K, used 8116K [0x00000007ee800000, 0x00000007ef0e0000, 0x00000007f2a00000)
  eden space 7296K, 100% used [0x00000007ee800000, 0x00000007eef20000, 0x00000007eef20000)
  from space 896K,  91% used [0x00000007ef000000, 0x00000007ef0cd078, 0x00000007ef0e0000)
  to   space 896K,   0% used [0x00000007eef20000, 0x00000007eef20000, 0x00000007ef000000)
 tenured generation   total 18156K, used 13538K [0x00000007f2a00000, 0x00000007f3bbb000, 0x00000007fae00000)
   the space 18156K,  74% used [0x00000007f2a00000, 0x00000007f3738af8, 0x00000007f3738c00, 0x00000007f3bbb000)
 compacting perm gen  total 21568K, used 21393K [0x00000007fae00000, 0x00000007fc310000, 0x0000000800000000)
   the space 21568K,  99% used [0x00000007fae00000, 0x00000007fc2e45a8, 0x00000007fc2e4600, 0x00000007fc310000)
No shared spaces configured.
Event: 5.256 GC heap after
Heap after GC invocations=67 (full 3):
 def new generation   total 8192K, used 229K [0x00000007ee800000, 0x00000007ef0e0000, 0x00000007f2a00000)
  eden space 7296K,   0% used [0x00000007ee800000, 0x00000007ee800000, 0x00000007eef20000)
  from space 896K,  25% used [0x00000007eef20000, 0x00000007eef595e8, 0x00000007ef000000)
  to   space 896K,   0% used [0x00000007ef000000, 0x00000007ef000000, 0x00000007ef0e0000)
 tenured generation   total 18156K, used 14060K [0x00000007f2a00000, 0x00000007f3bbb000, 0x00000007fae00000)
   the space 18156K,  77% used [0x00000007f2a00000, 0x00000007f37bb0e0, 0x00000007f37bb200, 0x00000007f3bbb000)
 compacting perm gen  total 21568K, used 21393K [0x00000007fae00000, 0x00000007fc310000, 0x0000000800000000)
   the space 21568K,  99% used [0x00000007fae00000, 0x00000007fc2e45a8, 0x00000007fc2e4600, 0x00000007fc310000)
No shared spaces configured.
}
Event: 15.300 GC heap before
{Heap before GC invocations=67 (full 3):
 def new generation   total 8192K, used 7525K [0x00000007ee800000, 0x00000007ef0e0000, 0x00000007f2a00000)
  eden space 7296K, 100% used [0x00000007ee800000, 0x00000007eef20000, 0x00000007eef20000)
  from space 896K,  25% used [0x00000007eef20000, 0x00000007eef595e8, 0x00000007ef000000)
  to   space 896K,   0% used [0x00000007ef000000, 0x00000007ef000000, 0x00000007ef0e0000)
 tenured generation   total 18156K, used 14060K [0x00000007f2a00000, 0x00000007f3bbb000, 0x00000007fae00000)
   the space 18156K,  77% used [0x00000007f2a00000, 0x00000007f37bb0e0, 0x00000007f37bb200, 0x00000007f3bbb000)
 compacting perm gen  total 22528K, used 22426K [0x00000007fae00000, 0x00000007fc400000, 0x0000000800000000)
   the space 22528K,  99% used [0x00000007fae00000, 0x00000007fc3e6aa0, 0x00000007fc3e6c00, 0x00000007fc400000)
No shared spaces configured.
Event: 15.304 GC heap after
Heap after GC invocations=68 (full 3):
 def new generation   total 8192K, used 895K [0x00000007ee800000, 0x00000007ef0e0000, 0x00000007f2a00000)
  eden space 7296K,   0% used [0x00000007ee800000, 0x00000007ee800000, 0x00000007eef20000)
  from space 896K,  99% used [0x00000007ef000000, 0x00000007ef0dfff0, 0x00000007ef0e0000)
  to   space 896K,   0% used [0x00000007eef20000, 0x00000007eef20000, 0x00000007ef000000)
 tenured generation   total 18156K, used 14283K [0x00000007f2a00000, 0x00000007f3bbb000, 0x00000007fae00000)
   the space 18156K,  78% used [0x00000007f2a00000, 0x00000007f37f2cf0, 0x00000007f37f2e00, 0x00000007f3bbb000)
 compacting perm gen  total 22528K, used 22426K [0x00000007fae00000, 0x00000007fc400000, 0x0000000800000000)
   the space 22528K,  99% used [0x00000007fae00000, 0x00000007fc3e6aa0, 0x00000007fc3e6c00, 0x00000007fc400000)
No shared spaces configured.
}
Event: 16.364 GC heap before
{Heap before GC invocations=68 (full 3):
 def new generation   total 8192K, used 8191K [0x00000007ee800000, 0x00000007ef0e0000, 0x00000007f2a00000)
  eden space 7296K, 100% used [0x00000007ee800000, 0x00000007eef20000, 0x00000007eef20000)
  from space 896K,  99% used [0x00000007ef000000, 0x00000007ef0dfff0, 0x00000007ef0e0000)
  to   space 896K,   0% used [0x00000007eef20000, 0x00000007eef20000, 0x00000007ef000000)
 tenured generation   total 18156K, used 14283K [0x00000007f2a00000, 0x00000007f3bbb000, 0x00000007fae00000)
   the space 18156K,  78% used [0x00000007f2a00000, 0x00000007f37f2cf0, 0x00000007f37f2e00, 0x00000007f3bbb000)
 compacting perm gen  total 22848K, used 22761K [0x00000007fae00000, 0x00000007fc450000, 0x0000000800000000)
   the space 22848K,  99% used [0x00000007fae00000, 0x00000007fc43a490, 0x00000007fc43a600, 0x00000007fc450000)
No shared spaces configured.
Event: 16.368 GC heap after
Heap after GC invocations=69 (full 3):
 def new generation   total 8192K, used 620K [0x00000007ee800000, 0x00000007ef0e0000, 0x00000007f2a00000)
  eden space 7296K,   0% used [0x00000007ee800000, 0x00000007ee800000, 0x00000007eef20000)
  from space 896K,  69% used [0x00000007eef20000, 0x00000007eefbb3f0, 0x00000007ef000000)
  to   space 896K,   0% used [0x00000007ef000000, 0x00000007ef000000, 0x00000007ef0e0000)
 tenured generation   total 18156K, used 14787K [0x00000007f2a00000, 0x00000007f3bbb000, 0x00000007fae00000)
   the space 18156K,  81% used [0x00000007f2a00000, 0x00000007f3870f10, 0x00000007f3871000, 0x00000007f3bbb000)
 compacting perm gen  total 22848K, used 22761K [0x00000007fae00000, 0x00000007fc450000, 0x0000000800000000)
   the space 22848K,  99% used [0x00000007fae00000, 0x00000007fc43a490, 0x00000007fc43a600, 0x00000007fc450000)
No shared spaces configured.
}
Event: 16.596 GC heap before
{Heap before GC invocations=69 (full 3):
 def new generation   total 8192K, used 7916K [0x00000007ee800000, 0x00000007ef0e0000, 0x00000007f2a00000)
  eden space 7296K, 100% used [0x00000007ee800000, 0x00000007eef20000, 0x00000007eef20000)
  from space 896K,  69% used [0x00000007eef20000, 0x00000007eefbb3f0, 0x00000007ef000000)
  to   space 896K,   0% used [0x00000007ef000000, 0x00000007ef000000, 0x00000007ef0e0000)
 tenured generation   total 18156K, used 14787K [0x00000007f2a00000, 0x00000007f3bbb000, 0x00000007fae00000)
   the space 18156K,  81% used [0x00000007f2a00000, 0x00000007f3870f10, 0x00000007f3871000, 0x00000007f3bbb000)
 compacting perm gen  total 24768K, used 24562K [0x00000007fae00000, 0x00000007fc630000, 0x0000000800000000)
   the space 24768K,  99% used [0x00000007fae00000, 0x00000007fc5fc9e8, 0x00000007fc5fca00, 0x00000007fc630000)
No shared spaces configured.
Event: 16.600 GC heap after
Heap after GC invocations=70 (full 3):
 def new generation   total 8192K, used 895K [0x00000007ee800000, 0x00000007ef0e0000, 0x00000007f2a00000)
  eden space 7296K,   0% used [0x00000007ee800000, 0x00000007ee800000, 0x00000007eef20000)
  from space 896K,  99% used [0x00000007ef000000, 0x00000007ef0dfff8, 0x00000007ef0e0000)
  to   space 896K,   0% used [0x00000007eef20000, 0x00000007eef20000, 0x00000007ef000000)
 tenured generation   total 18156K, used 15396K [0x00000007f2a00000, 0x00000007f3bbb000, 0x00000007fae00000)
   the space 18156K,  84% used [0x00000007f2a00000, 0x00000007f3909090, 0x00000007f3909200, 0x00000007f3bbb000)
 compacting perm gen  total 24768K, used 24562K [0x00000007fae00000, 0x00000007fc630000, 0x0000000800000000)
   the space 24768K,  99% used [0x00000007fae00000, 0x00000007fc5fc9e8, 0x00000007fc5fca00, 0x00000007fc630000)
No shared spaces configured.
}
Event: 228.390 GC heap before
{Heap before GC invocations=70 (full 3):
 def new generation   total 8192K, used 8191K [0x00000007ee800000, 0x00000007ef0e0000, 0x00000007f2a00000)
  eden space 7296K, 100% used [0x00000007ee800000, 0x00000007eef20000, 0x00000007eef20000)
  from space 896K,  99% used [0x00000007ef000000, 0x00000007ef0dfff8, 0x00000007ef0e0000)
  to   space 896K,   0% used [0x00000007eef20000, 0x00000007eef20000, 0x00000007ef000000)
 tenured generation   total 18156K, used 15396K [0x00000007f2a00000, 0x00000007f3bbb000, 0x00000007fae00000)
   the space 18156K,  84% used [0x00000007f2a00000, 0x00000007f3909090, 0x00000007f3909200, 0x00000007f3bbb000)
 compacting perm gen  total 25088K, used 24783K [0x00000007fae00000, 0x00000007fc680000, 0x0000000800000000)
   the space 25088K,  98% used [0x00000007fae00000, 0x00000007fc633f70, 0x00000007fc634000, 0x00000007fc680000)
No shared spaces configured.
Event: 228.394 GC heap after
Heap after GC invocations=71 (full 3):
 def new generation   total 8192K, used 623K [0x00000007ee800000, 0x00000007ef0e0000, 0x00000007f2a00000)
  eden space 7296K,   0% used [0x00000007ee800000, 0x00000007ee800000, 0x00000007eef20000)
  from space 896K,  69% used [0x00000007eef20000, 0x00000007eefbbd18, 0x00000007ef000000)
  to   space 896K,   0% used [0x00000007ef000000, 0x00000007ef000000, 0x00000007ef0e0000)
 tenured generation   total 18156K, used 15580K [0x00000007f2a00000, 0x00000007f3bbb000, 0x00000007fae00000)
   the space 18156K,  85% used [0x00000007f2a00000, 0x00000007f3937378, 0x00000007f3937400, 0x00000007f3bbb000)
 compacting perm gen  total 25088K, used 24783K [0x00000007fae00000, 0x00000007fc680000, 0x0000000800000000)
   the space 25088K,  98% used [0x00000007fae00000, 0x00000007fc633f70, 0x00000007fc634000, 0x00000007fc680000)
No shared spaces configured.
}

